<?xml version="1.0" encoding="UTF-8"?>
<testng-results ignored="0" total="1" passed="1" failed="0" skipped="0">
  <reporter-output>
  </reporter-output>
  <suite started-at="2022-05-29T16:27:10 EET" name="Default suite" finished-at="2022-05-29T16:27:12 EET" duration-ms="2376">
    <groups>
    </groups>
    <test started-at="2022-05-29T16:27:10 EET" name="Default test" finished-at="2022-05-29T16:27:12 EET" duration-ms="2376">
      <class name="SubmitFormTest">
        <test-method signature="submitForm()[pri:0, instance:SubmitFormTest@3c443976]" started-at="2022-05-29T16:27:10 EET" name="submitForm" finished-at="2022-05-29T16:27:12 EET" duration-ms="2286" status="PASS">
          <reporter-output>
          </reporter-output>
        </test-method> <!-- submitForm -->
        <test-method is-config="true" signature="cleanUp()[pri:0, instance:SubmitFormTest@3c443976]" started-at="2022-05-29T16:27:13 EET" name="cleanUp" finished-at="2022-05-29T16:27:13 EET" duration-ms="230" status="PASS">
          <reporter-output>
          </reporter-output>
        </test-method> <!-- cleanUp -->
      </class> <!-- SubmitFormTest -->
    </test> <!-- Default test -->
  </suite> <!-- Default suite -->
</testng-results>
